#
# There is insufficient memory for the Java Runtime Environment to continue.
# Native memory allocation (mmap) failed to map 132120576 bytes for G1 virtual space
# Possible reasons:
#   The system is out of physical RAM or swap space
#   The process is running with CompressedOops enabled, and the Java Heap may be blocking the growth of the native heap
# Possible solutions:
#   Reduce memory load on the system
#   Increase physical memory or swap space
#   Check if swap backing store is full
#   Decrease Java heap size (-Xmx/-Xms)
#   Decrease number of Java threads
#   Decrease Java thread stack sizes (-Xss)
#   Set larger code cache with -XX:ReservedCodeCacheSize=
#   JVM is running with Unscaled Compressed Oops mode in which the Java heap is
#     placed in the first 4GB address space. The Java Heap base address is the
#     maximum limit for the native heap growth. Please use -XX:HeapBaseMinAddress
#     to set the Java Heap base and to place the Java Heap above 4GB virtual address.
# This output file may be truncated or incomplete.
#
#  Out of Memory Error (os_windows.cpp:3603), pid=12372, tid=1220
#
# JRE version:  (21.0.6+8) (build )
# Java VM: Java HotSpot(TM) 64-Bit Server VM (21.0.6+8-LTS-188, mixed mode, sharing, tiered, compressed oops, compressed class ptrs, g1 gc, windows-amd64)
# No core dump will be written. Minidumps are not enabled by default on client versions of Windows
#

---------------  S U M M A R Y ------------

Command Line: -Dfile.encoding=UTF-8 --module-path=C:\Users\joseg\Documents\NetBeansProjects\LauncherUniversae\build\classes launcheruniversae.Launcher

Host: 11th Gen Intel(R) Core(TM) i7-11700F @ 2.50GHz, 16 cores, 7G,  Windows 11 , 64 bit Build 26100 (10.0.26100.3323)
Time: Mon Mar 17 21:05:48 2025 Hora estándar romance elapsed time: 2.023352 seconds (0d 0h 0m 2s)

---------------  T H R E A D  ---------------

Current thread (0x000001c4473d98e0):  JavaThread "Unknown thread" [_thread_in_vm, id=1220, stack(0x0000003651200000,0x0000003651300000) (1024K)]

Stack: [0x0000003651200000,0x0000003651300000]
Native frames: (J=compiled Java code, j=interpreted, Vv=VM code, C=native code)
V  [jvm.dll+0x6ca6d9]
V  [jvm.dll+0x854f51]
V  [jvm.dll+0x85747e]
V  [jvm.dll+0x857b53]
V  [jvm.dll+0x27dcc6]
V  [jvm.dll+0x6c6e55]
V  [jvm.dll+0x6bb9da]
V  [jvm.dll+0x35393a]
V  [jvm.dll+0x35b596]
V  [jvm.dll+0x3adefe]
V  [jvm.dll+0x3ae1a8]
V  [jvm.dll+0x327cbc]
V  [jvm.dll+0x32881b]
V  [jvm.dll+0x81e309]
V  [jvm.dll+0x3babe1]
V  [jvm.dll+0x807658]
V  [jvm.dll+0x44fdae]
V  [jvm.dll+0x4519a1]
C  [jli.dll+0x52a3]
C  [ucrtbase.dll+0x37b0]
C  [KERNEL32.DLL+0x2e8d7]
C  [ntdll.dll+0xbbf6c]


---------------  P R O C E S S  ---------------

Threads class SMR info:
_java_thread_list=0x00007ff8ab05cc08, length=0, elements={
}

Java Threads: ( => current thread )
Total: 0

Other Threads:
  0x000001c448f9a410 WorkerThread "GC Thread#0"                     [id=12456, stack(0x0000003651300000,0x0000003651400000) (1024K)]
  0x000001c448faaff0 ConcurrentGCThread "G1 Main Marker"            [id=8068, stack(0x0000003651400000,0x0000003651500000) (1024K)]
  0x000001c448fac970 WorkerThread "G1 Conc#0"                       [id=28036, stack(0x0000003651500000,0x0000003651600000) (1024K)]

[error occurred during error reporting (printing all threads), id 0xc0000005, EXCEPTION_ACCESS_VIOLATION (0xc0000005) at pc=0x00007ff8aa7ca427]
VM state: not at safepoint (not fully initialized)

VM Mutex/Monitor currently owned by a thread:  ([mutex/lock_event])
[0x00007ff8ab0cdf98] Heap_lock - owner thread: 0x000001c4473d98e0

Heap address: 0x0000000082400000, size: 2012 MB, Compressed Oops mode: 32-bit

CDS archive(s) mapped at: [0x0000000000000000-0x0000000000000000-0x0000000000000000), size 0, SharedBaseAddress: 0x0000000800000000, ArchiveRelocationMode: 1.
Narrow klass base: 0x0000000000000000, Narrow klass shift: 0, Narrow klass range: 0x0

GC Precious Log:
 CardTable entry size: 512
 Card Set container configuration: InlinePtr #cards 5 size 8 Array Of Cards #cards 12 size 40 Howl #buckets 4 coarsen threshold 1843 Howl Bitmap #cards 512 size 80 coarsen threshold 460 Card regions per heap region 1 cards per card region 2048

Heap:
 garbage-first heap   total 0K, used 0K [0x0000000082400000, 0x0000000100000000)
  region size 1024K, 0 young (0K), 0 survivors (0K)

[error occurred during error reporting (printing heap information), id 0xc0000005, EXCEPTION_ACCESS_VIOLATION (0xc0000005) at pc=0x00007ff8aabb36a9]
GC Heap History (0 events):
No events

Dll operation events (1 events):
Event: 0.005 Loaded shared library C:\Program Files\Java\jdk-21\bin\java.dll

Deoptimization events (0 events):
No events

Classes loaded (0 events):
No events

Classes unloaded (0 events):
No events

Classes redefined (0 events):
No events

Internal exceptions (0 events):
No events

ZGC Phase Switch (0 events):
No events

VM Operations (0 events):
No events

Events (0 events):
No events


Dynamic libraries:
0x00007ff7da980000 - 0x00007ff7da990000 	C:\Program Files\Java\jdk-21\bin\java.exe
0x00007ff9183a0000 - 0x00007ff918603000 	C:\WINDOWS\SYSTEM32\ntdll.dll
0x00007ff9170e0000 - 0x00007ff9171a7000 	C:\WINDOWS\System32\KERNEL32.DLL
0x00007ff915a70000 - 0x00007ff915e39000 	C:\WINDOWS\System32\KERNELBASE.dll
0x00007ff915920000 - 0x00007ff915a6c000 	C:\WINDOWS\System32\ucrtbase.dll
0x00007ff9072c0000 - 0x00007ff9072d9000 	C:\Program Files\Java\jdk-21\bin\jli.dll
0x00007ff90e3a0000 - 0x00007ff90e3bb000 	C:\Program Files\Java\jdk-21\bin\VCRUNTIME140.dll
0x00007ff917da0000 - 0x00007ff917e52000 	C:\WINDOWS\System32\ADVAPI32.dll
0x00007ff9171b0000 - 0x00007ff917259000 	C:\WINDOWS\System32\msvcrt.dll
0x00007ff918280000 - 0x00007ff918326000 	C:\WINDOWS\System32\sechost.dll
0x00007ff916c70000 - 0x00007ff916d86000 	C:\WINDOWS\System32\RPCRT4.dll
0x00007ff916320000 - 0x00007ff9164ea000 	C:\WINDOWS\System32\USER32.dll
0x00007ff915860000 - 0x00007ff915887000 	C:\WINDOWS\System32\win32u.dll
0x00007ff8fdb70000 - 0x00007ff8fde00000 	C:\WINDOWS\WinSxS\amd64_microsoft.windows.common-controls_6595b64144ccf1df_6.0.26100.3323_none_3e088096e3344490\COMCTL32.dll
0x00007ff918330000 - 0x00007ff91835a000 	C:\WINDOWS\System32\GDI32.dll
0x00007ff916080000 - 0x00007ff9161b1000 	C:\WINDOWS\System32\gdi32full.dll
0x00007ff9155a0000 - 0x00007ff915643000 	C:\WINDOWS\System32\msvcp_win.dll
0x00007ff90eb00000 - 0x00007ff90eb0b000 	C:\WINDOWS\SYSTEM32\VERSION.dll
0x00007ff917f70000 - 0x00007ff917f9f000 	C:\WINDOWS\System32\IMM32.DLL
0x00007ff90e350000 - 0x00007ff90e35c000 	C:\Program Files\Java\jdk-21\bin\vcruntime140_1.dll
0x00007ff8eca20000 - 0x00007ff8ecaae000 	C:\Program Files\Java\jdk-21\bin\msvcp140.dll
0x00007ff8aa490000 - 0x00007ff8ab1aa000 	C:\Program Files\Java\jdk-21\bin\server\jvm.dll
0x00007ff917e60000 - 0x00007ff917ed4000 	C:\WINDOWS\System32\WS2_32.dll
0x00007ff914220000 - 0x00007ff91426e000 	C:\WINDOWS\SYSTEM32\POWRPROF.dll
0x00007ff909fa0000 - 0x00007ff909fd6000 	C:\WINDOWS\SYSTEM32\WINMM.dll
0x00007ff9141e0000 - 0x00007ff9141f4000 	C:\WINDOWS\SYSTEM32\UMPDC.dll
0x00007ff9144a0000 - 0x00007ff9144ba000 	C:\WINDOWS\SYSTEM32\kernel.appcore.dll
0x00007ff90db50000 - 0x00007ff90db5a000 	C:\Program Files\Java\jdk-21\bin\jimage.dll
0x00007ff913000000 - 0x00007ff913241000 	C:\WINDOWS\SYSTEM32\DBGHELP.DLL
0x00007ff917260000 - 0x00007ff9175e2000 	C:\WINDOWS\System32\combase.dll
0x00007ff918040000 - 0x00007ff918116000 	C:\WINDOWS\System32\OLEAUT32.dll
0x00007ff8fe2a0000 - 0x00007ff8fe2d9000 	C:\WINDOWS\SYSTEM32\dbgcore.DLL
0x00007ff9157c0000 - 0x00007ff915859000 	C:\WINDOWS\System32\bcryptPrimitives.dll
0x00007ff90e330000 - 0x00007ff90e34f000 	C:\Program Files\Java\jdk-21\bin\java.dll

dbghelp: loaded successfully - version: 4.0.5 - missing functions: none
symbol engine: initialized successfully - sym options: 0x614 - pdb path: .;C:\Program Files\Java\jdk-21\bin;C:\WINDOWS\SYSTEM32;C:\WINDOWS\WinSxS\amd64_microsoft.windows.common-controls_6595b64144ccf1df_6.0.26100.3323_none_3e088096e3344490;C:\Program Files\Java\jdk-21\bin\server

VM Arguments:
jvm_args: -Dfile.encoding=UTF-8 --module-path=C:\Users\joseg\Documents\NetBeansProjects\LauncherUniversae\build\classes 
java_command: launcheruniversae.Launcher
java_class_path (initial): C:\Program Files\NetBeans-25\netbeans\java\modules\ext\AbsoluteLayout.jar;C:\Users\joseg\Documents\NetBeansProjects\LauncherUniversae\build\classes
Launcher Type: SUN_STANDARD

[Global flags]
     intx CICompilerCount                          = 12                                        {product} {ergonomic}
     uint ConcGCThreads                            = 3                                         {product} {ergonomic}
     uint G1ConcRefinementThreads                  = 13                                        {product} {ergonomic}
   size_t G1HeapRegionSize                         = 1048576                                   {product} {ergonomic}
    uintx GCDrainStackTargetSize                   = 64                                        {product} {ergonomic}
   size_t InitialHeapSize                          = 132120576                                 {product} {ergonomic}
   size_t MarkStackSize                            = 4194304                                   {product} {ergonomic}
   size_t MaxHeapSize                              = 2109734912                                {product} {ergonomic}
   size_t MinHeapDeltaBytes                        = 1048576                                   {product} {ergonomic}
   size_t MinHeapSize                              = 8388608                                   {product} {ergonomic}
    uintx NonNMethodCodeHeapSize                   = 7602480                                {pd product} {ergonomic}
    uintx NonProfiledCodeHeapSize                  = 122027880                              {pd product} {ergonomic}
    uintx ProfiledCodeHeapSize                     = 122027880                              {pd product} {ergonomic}
    uintx ReservedCodeCacheSize                    = 251658240                              {pd product} {ergonomic}
     bool SegmentedCodeCache                       = true                                      {product} {ergonomic}
   size_t SoftMaxHeapSize                          = 2109734912                             {manageable} {ergonomic}
     bool UseCompressedOops                        = true                           {product lp64_product} {ergonomic}
     bool UseG1GC                                  = true                                      {product} {ergonomic}
     bool UseLargePagesIndividualAllocation        = false                                  {pd product} {ergonomic}

Logging:
Log output configuration:
 #0: stdout all=warning uptime,level,tags foldmultilines=false
 #1: stderr all=off uptime,level,tags foldmultilines=false

Environment Variables:
PATH=C:\Program Files\Common Files\Oracle\Java\javapath;C:\Program Files (x86)\Common Files\Oracle\Java\java8path;C:\Program Files (x86)\Common Files\Oracle\Java\javapath;C:\Windows\system32;C:\Windows;C:\Windows\System32\Wbem;C:\Windows\System32\WindowsPowerShell\v1.0\;C:\Windows\System32\OpenSSH\;C:\Program Files (x86)\NVIDIA Corporation\PhysX\Common;C:\Program Files\NVIDIA Corporation\NVIDIA NvDLISR;C:\WINDOWS\system32;C:\WINDOWS;C:\WINDOWS\System32\Wbem;C:\WINDOWS\System32\WindowsPowerShell\v1.0\;C:\WINDOWS\System32\OpenSSH\;C:\Users\joseg\AppData\Local\Programs\oh-my-posh\bin\;C:\Program Files\MySQL\MySQL Shell 8.0\bin\;C:\Users\joseg\AppData\Local\Microsoft\WindowsApps;C:\Users\joseg\AppData\Local\Programs\Microsoft VS Code\bin;C:\Users\joseg\AppData\Local\Programs\Windsurf\bin;C:\Users\joseg\AppData\Local\Programs\cursor\resources\app\bin
USERNAME=joseg
OS=Windows_NT
PROCESSOR_IDENTIFIER=Intel64 Family 6 Model 167 Stepping 1, GenuineIntel
TMP=C:\Users\joseg\AppData\Local\Temp
TEMP=C:\Users\joseg\AppData\Local\Temp




Periodic native trim disabled

---------------  S Y S T E M  ---------------

OS:
 Windows 11 , 64 bit Build 26100 (10.0.26100.3323)
OS uptime: 3 days 5:15 hours
Hyper-V role detected

CPU: total 16 (initial active 16) (8 cores per cpu, 2 threads per core) family 6 model 167 stepping 1 microcode 0x24, cx8, cmov, fxsr, ht, mmx, 3dnowpref, sse, sse2, sse3, ssse3, sse4.1, sse4.2, popcnt, lzcnt, tsc, tscinvbit, avx, avx2, erms, clmul, bmi1, bmi2, adx, avx512f, avx512dq, avx512cd, avx512bw, avx512vl, sha, fma, vzeroupper, avx512_vpopcntdq, avx512_vpclmulqdq, avx512_vnni, clflush, clflushopt, avx512_vbmi2, avx512_vbmi, hv, rdtscp, rdpid, fsrm, gfni, avx512_bitalg, f16c, avx512_ifma
Processor Information for all 16 processors :
  Max Mhz: 2496, Current Mhz: 2496, Mhz Limit: 2496

Memory: 4k page, system-wide physical 8045M (684M free)
TotalPageFile size 32621M (AvailPageFile size 77M)
current process WorkingSet (physical memory assigned to process): 12M, peak: 12M
current process commit charge ("private bytes"): 71M, peak: 197M

vm_info: Java HotSpot(TM) 64-Bit Server VM (21.0.6+8-LTS-188) for windows-amd64 JRE (21.0.6+8-LTS-188), built on 2024-12-03T10:50:54Z by "mach5one" with MS VC++ 17.6 (VS2022)

END.
